<?xml version="1.0" encoding="UTF-8"?>
<!-- Generated by org.testng.reporters.JUnitReportReporter -->
<testsuite hostname="Pratham-Sangar" failures="0" tests="2" name="org.hcode.tests.CommonWebElementsTests" time="77.115" errors="0" timestamp="2024-04-16T10:44:52 IST" skipped="0">
  <testcase classname="org.hcode.tests.CommonWebElementsTests" name="commonTest" time="41.059"/>
  <testcase classname="org.hcode.tests.CommonWebElementsTests" name="clickHatchBack" time="36.056"/>
</testsuite> <!-- org.hcode.tests.CommonWebElementsTests -->
