<?xml version="1.0" encoding="UTF-8"?>
<!-- Generated by org.testng.reporters.JUnitReportReporter -->
<testsuite hostname="Pratham-Sangar" failures="0" tests="2" name="org.hcode.tests.DashboardTests" time="17.584" errors="0" timestamp="2024-04-10T13:40:02 IST" skipped="0">
  <testcase classname="org.hcode.tests.DashboardTests" name="test1" time="7.944"/>
  <system-out/>
  <testcase classname="org.hcode.tests.DashboardTests" name="test" time="9.640"/>
  <system-out/>
</testsuite> <!-- org.hcode.tests.DashboardTests -->
