<?xml version="1.0" encoding="UTF-8"?>
<!-- Generated by org.testng.reporters.JUnitReportReporter -->
<testsuite hostname="Pratham-Sangar" failures="0" tests="1" name="org.hcode.tests.WriteInExcel" time="2.034" errors="0" timestamp="2024-04-11T16:30:37 IST" skipped="0">
  <testcase classname="org.hcode.tests.WriteInExcel" name="Write" time="2.034"/>
</testsuite> <!-- org.hcode.tests.WriteInExcel -->
