<?xml version="1.0" encoding="UTF-8"?>
<!-- Generated by org.testng.reporters.JUnitReportReporter -->
<testsuite hostname="Pratham-Sangar" failures="0" tests="1" name="org.hcode.tests.CarDetailsTests" time="52.160" errors="0" timestamp="2024-04-16T10:44:52 IST" skipped="0">
  <testcase classname="org.hcode.tests.CarDetailsTests" name="printCarDataTest" time="52.160"/>
</testsuite> <!-- org.hcode.tests.CarDetailsTests -->
