<?xml version="1.0" encoding="UTF-8"?>
<!-- Generated by org.testng.reporters.JUnitReportReporter -->
<testsuite hostname="Pratham-Sangar" failures="0" tests="1" name="org.hcode.tests.CarDetailsTests" time="52.885" errors="0" timestamp="2024-04-14T00:11:51 IST" skipped="0">
  <testcase classname="org.hcode.tests.CarDetailsTests" name="printCarDataTest" time="52.885"/>
</testsuite> <!-- org.hcode.tests.CarDetailsTests -->
