<?xml version="1.0" encoding="UTF-8"?>
<!-- Generated by org.testng.reporters.JUnitReportReporter -->
<testsuite hostname="Pratham-Sangar" failures="0" tests="3" name="org.hcode.tests.UploadTestCases" time="33.425" errors="0" timestamp="2024-04-15T17:12:59 IST" skipped="0">
  <testcase classname="org.hcode.tests.UploadTestCases" name="testFileUpload" time="13.000"/>
  <testcase classname="org.hcode.tests.UploadTestCases" name="testFileUpload" time="9.442"/>
  <testcase classname="org.hcode.tests.UploadTestCases" name="clickUploadExists" time="10.983"/>
</testsuite> <!-- org.hcode.tests.UploadTestCases -->
