<?xml version="1.0" encoding="UTF-8"?>
<!-- Generated by org.testng.reporters.JUnitReportReporter -->
<testsuite hostname="Pratham-Sangar" failures="0" tests="1" name="org.hcode.tests.WebTablesTests" time="39.221" errors="0" timestamp="2024-04-16T10:44:52 IST" skipped="0">
  <testcase classname="org.hcode.tests.WebTablesTests" name="findName" time="39.221"/>
</testsuite> <!-- org.hcode.tests.WebTablesTests -->
