<?xml version="1.0" encoding="UTF-8"?>
<!-- Generated by org.testng.reporters.JUnitReportReporter -->
<testsuite hostname="Pratham-Sangar" failures="0" tests="1" name="org.hcode.report_listeners.ExtentReportsDemo" time="2.026" errors="0" timestamp="2024-04-12T12:40:51 IST" skipped="0">
  <testcase classname="org.hcode.report_listeners.ExtentReportsDemo" name="report" time="2.026"/>
</testsuite> <!-- org.hcode.report_listeners.ExtentReportsDemo -->
