<?xml version="1.0" encoding="UTF-8"?>
<!-- Generated by org.testng.reporters.JUnitReportReporter -->
<testsuite hostname="Pratham-Sangar" failures="0" tests="2" name="org.hcode.tests.CommonWebElementsTests" time="82.961" errors="0" timestamp="2024-04-14T00:11:51 IST" skipped="0">
  <testcase classname="org.hcode.tests.CommonWebElementsTests" name="clickHatchBack" time="44.021"/>
  <testcase classname="org.hcode.tests.CommonWebElementsTests" name="commonTest" time="38.940"/>
</testsuite> <!-- org.hcode.tests.CommonWebElementsTests -->
