<?xml version="1.0" encoding="UTF-8"?>
<!-- Generated by org.testng.reporters.JUnitReportReporter -->
<testsuite hostname="Pratham-Sangar" failures="0" tests="3" name="org.hcode.tests.UploadTestCases" time="54.203" errors="0" timestamp="2024-04-16T10:44:52 IST" skipped="0">
  <testcase classname="org.hcode.tests.UploadTestCases" name="clickUploadExists" time="19.207"/>
  <testcase classname="org.hcode.tests.UploadTestCases" name="testFileUpload" time="12.696"/>
  <testcase classname="org.hcode.tests.UploadTestCases" name="testFileUpload" time="22.300"/>
</testsuite> <!-- org.hcode.tests.UploadTestCases -->
