<?xml version="1.0" encoding="UTF-8"?>
<!-- Generated by org.testng.reporters.JUnitReportReporter -->
<testsuite hostname="Pratham-Sangar" failures="0" tests="2" name="org.hcode.tests.UploadTestCases" time="46.135" errors="0" timestamp="2024-04-14T00:11:51 IST" skipped="0">
  <testcase classname="org.hcode.tests.UploadTestCases" name="testFileUpload" time="22.814"/>
  <testcase classname="org.hcode.tests.UploadTestCases" name="clickUploadExists" time="23.321"/>
</testsuite> <!-- org.hcode.tests.UploadTestCases -->
