<?xml version="1.0" encoding="UTF-8"?>
<!-- Generated by org.testng.reporters.JUnitReportReporter -->
<testsuite hostname="Pratham-Sangar" failures="0" tests="2" name="org.hcode.tests.UploadTestCases" time="48.504" errors="0" timestamp="2024-04-15T12:19:44 IST" skipped="0">
  <testcase classname="org.hcode.tests.UploadTestCases" name="clickUploadExists" time="28.211"/>
  <testcase classname="org.hcode.tests.UploadTestCases" name="testFileUpload" time="20.293"/>
</testsuite> <!-- org.hcode.tests.UploadTestCases -->
