<?xml version="1.0" encoding="UTF-8"?>
<!-- Generated by org.testng.reporters.JUnitReportReporter -->
<testsuite hostname="Pratham-Sangar" failures="0" tests="1" name="org.hcode.tests.WebTablesTests" time="48.371" errors="0" timestamp="2024-04-15T00:18:20 IST" skipped="0">
  <testcase classname="org.hcode.tests.WebTablesTests" name="findName" time="48.371"/>
  <system-out/>
</testsuite> <!-- org.hcode.tests.WebTablesTests -->
