<?xml version="1.0" encoding="UTF-8"?>
<!-- Generated by org.testng.reporters.JUnitReportReporter -->
<testsuite hostname="Pratham-Sangar" failures="0" tests="1" name="org.hcode.tests.CarDetailsTests" time="59.340" errors="0" timestamp="2024-04-15T12:19:44 IST" skipped="0">
  <testcase classname="org.hcode.tests.CarDetailsTests" name="printCarDataTest" time="59.340"/>
</testsuite> <!-- org.hcode.tests.CarDetailsTests -->
