<?xml version="1.0" encoding="UTF-8"?>
<!-- Generated by org.testng.reporters.JUnitReportReporter -->
<testsuite hostname="Pratham-Sangar" failures="0" tests="2" name="org.hcode.tests.UploadTestCases" time="48.115" errors="0" timestamp="2024-04-15T00:18:20 IST" skipped="0">
  <testcase classname="org.hcode.tests.UploadTestCases" name="clickUploadExists" time="11.856"/>
  <system-out/>
  <testcase classname="org.hcode.tests.UploadTestCases" name="testFileUpload" time="36.259"/>
  <system-out/>
</testsuite> <!-- org.hcode.tests.UploadTestCases -->
