<?xml version="1.0" encoding="UTF-8"?>
<!-- Generated by org.testng.reporters.JUnitReportReporter -->
<testsuite hostname="Pratham-Sangar" failures="0" tests="2" name="org.hcode.tests.CommonWebElementsTests" time="92.063" errors="0" timestamp="2024-04-15T00:18:20 IST" skipped="0">
  <testcase classname="org.hcode.tests.CommonWebElementsTests" name="commonTest" time="47.698"/>
  <system-out/>
  <testcase classname="org.hcode.tests.CommonWebElementsTests" name="clickHatchBack" time="44.365"/>
  <system-out/>
</testsuite> <!-- org.hcode.tests.CommonWebElementsTests -->
