<?xml version="1.0" encoding="UTF-8"?>
<!-- Generated by org.testng.reporters.JUnitReportReporter -->
<testsuite hostname="Pratham-Sangar" failures="0" tests="2" name="org.hcode.tests.CommonWebElementsTests" time="85.881" errors="0" timestamp="2024-04-15T12:19:44 IST" skipped="0">
  <testcase classname="org.hcode.tests.CommonWebElementsTests" name="commonTest" time="47.983"/>
  <testcase classname="org.hcode.tests.CommonWebElementsTests" name="clickHatchBack" time="37.898"/>
</testsuite> <!-- org.hcode.tests.CommonWebElementsTests -->
